#
# A fatal error has been detected by the Java Runtime Environment:
#
#  Internal Error (safepoint.cpp:317), pid=3267, tid=1807743808
#  guarantee(PageArmed == 0) failed: invariant
#
# JRE version: 7.0_17-b02
# Java VM: Java HotSpot(TM) Server VM (23.7-b01 mixed mode linux-x86 )
# Failed to write core dump. Core dumps have been disabled. To enable core dumping, try "ulimit -c unlimited" before starting Java again
#
# If you would like to submit a bug report, please visit:
#   http://bugreport.sun.com/bugreport/crash.jsp
#

---------------  T H R E A D  ---------------

Current thread (0x6bca0c00):  VMThread [stack: 0x6bb7f000,0x6bc00000] [id=3273]

Stack: [0x6bb7f000,0x6bc00000],  sp=0x6bbfec10,  free space=511k
Native frames: (J=compiled Java code, j=interpreted, Vv=VM code, C=native code)
V  [libjvm.so+0x720449]  VMError::report_and_die()+0x199
V  [libjvm.so+0x2e8829]  report_vm_error(char const*, int, char const*, char const*)+0x49
V  [libjvm.so+0x657411]  SafepointSynchronize::begin()+0x821
V  [libjvm.so+0x729cc6]  VMThread::loop()+0x1d6
V  [libjvm.so+0x72a375]  VMThread::run()+0x85
V  [libjvm.so+0x5df1f1]  java_start(Thread*)+0x111
C  [libpthread.so.0+0x6d4c]  start_thread+0xcc

VM_Operation (0x6ef00530): EnableBiasedLocking, mode: async safepoint, requested by thread 0x6bcea400


---------------  P R O C E S S  ---------------

Java Threads: ( => current thread )
  0x6bce8800 JavaThread "Service Thread" daemon [_thread_blocked, id=3279, stack(0x6bd08000,0x6bd59000)]
  0x6bce6c00 JavaThread "C2 CompilerThread1" daemon [_thread_blocked, id=3278, stack(0x6b57f000,0x6b600000)]
  0x6bce4c00 JavaThread "C2 CompilerThread0" daemon [_thread_blocked, id=3277, stack(0x6b97f000,0x6ba00000)]
  0x6bce3000 JavaThread "Signal Dispatcher" daemon [_thread_blocked, id=3276, stack(0x6ed2e000,0x6ed7f000)]
  0x6bca8400 JavaThread "Finalizer" daemon [_thread_blocked, id=3275, stack(0x6f02e000,0x6f07f000)]
  0x6bca6800 JavaThread "Reference Handler" daemon [_thread_blocked, id=3274, stack(0x6bb2e000,0x6bb7f000)]
  0xb6806400 JavaThread "main" [_thread_in_Java, id=3268, stack(0xb6928000,0xb6979000)]

Other Threads:
=>0x6bca0c00 VMThread [stack: 0x6bb7f000,0x6bc00000] [id=3273]
  0x6bcea400 WatcherThread [stack: 0x6b4fe000,0x6b57f000] [id=3280]

VM state:synchronizing (normal execution)

VM Mutex/Monitor currently owned by a thread:  ([mutex/lock_event])
[0xb6803a98] Safepoint_lock - owner thread: 0x6bca0c00
[0xb6803b00] Threads_lock - owner thread: 0x6bca0c00

Heap
 PSYoungGen      total 19136K, used 329K [0x9e180000, 0x9f6d0000, 0xb36d0000)
  eden space 16448K, 2% used [0x9e180000,0x9e1d2448,0x9f190000)
  from space 2688K, 0% used [0x9f430000,0x9f430000,0x9f6d0000)
  to   space 2688K, 0% used [0x9f190000,0x9f190000,0x9f430000)
 ParOldGen       total 141376K, used 120161K [0x736d0000, 0x7c0e0000, 0x9e180000)
  object space 141376K, 84% used [0x736d0000,0x7ac287d8,0x7c0e0000)
 PSPermGen       total 16384K, used 1582K [0x6f6d0000, 0x706d0000, 0x736d0000)
  object space 16384K, 9% used [0x6f6d0000,0x6f85b9c0,0x706d0000)

Card table byte_map: [0x6f4af000,0x6f6d0000] byte_map_base: 0x6f133980

Polling page: 0xb77c0000

Code Cache  [0xb3791000, 0xb39d1000, 0xb6791000)
 total_blobs=111 nmethods=1 adapters=63 free_code_cache=48858Kb largest_free_block=50014976

Compilation events (2 events):
Event: 0.338 Thread 0x6bce4c00    1 %           sprime::fillPrime @ 2 (148 bytes)
Event: 0.376 Thread 0x6bce4c00 nmethod 1% 0xb37da388 code [0xb37da4a0, 0xb37da8b0]

GC Heap History (0 events):
No events

Deoptimization events (0 events):
No events

Internal exceptions (2 events):
Event: 0.055 Thread 0xb6806400 Threw 0x9e186058 at /HUDSON/workspace/jdk7u17-2-build-linux-i586-product/jdk7u17/hotspot/src/share/vm/prims/jni.cpp:3994
Event: 0.183 Thread 0xb6806400 Threw 0x9e1c3c00 at /HUDSON/workspace/jdk7u17-2-build-linux-i586-product/jdk7u17/hotspot/src/share/vm/prims/jvm.cpp:1166

Events (10 events):
Event: 0.190 loading class 0x6bcf87b8 done
Event: 0.190 loading class 0x6bcf9040
Event: 0.190 loading class 0x6bcf9040 done
Event: 0.190 loading class 0x6bca3820
Event: 0.190 loading class 0x6bca3820 done
Event: 0.191 loading class 0x6bcfdb68
Event: 0.191 loading class 0x6bcfdb68 done
Event: 0.192 loading class 0xb685f150
Event: 0.192 loading class 0xb685f150 done
Event: 4.181 Executing VM operation: EnableBiasedLocking


Dynamic libraries:
08048000-08049000 r-xp 00000000 08:05 1473537    /usr/lib/jvm/java-7-oracle/jre/bin/java
08049000-0804a000 rw-p 00000000 08:05 1473537    /usr/lib/jvm/java-7-oracle/jre/bin/java
0843f000-08460000 rw-p 00000000 00:00 0          [heap]
6b32a000-6b4fe000 rw-p 00000000 00:00 0 
6b4fe000-6b4ff000 ---p 00000000 00:00 0 
6b4ff000-6b57f000 rw-p 00000000 00:00 0 
6b57f000-6b582000 ---p 00000000 00:00 0 
6b582000-6b600000 rw-p 00000000 00:00 0 
6b600000-6b800000 r--p 00000000 08:05 1316238    /usr/lib/locale/locale-archive
6b800000-6b821000 rw-p 00000000 00:00 0 
6b821000-6b900000 ---p 00000000 00:00 0 
6b97f000-6b982000 ---p 00000000 00:00 0 
6b982000-6ba00000 rw-p 00000000 00:00 0 
6ba00000-6ba9d000 rw-p 00000000 00:00 0 
6ba9d000-6bb00000 ---p 00000000 00:00 0 
6bb2e000-6bb31000 ---p 00000000 00:00 0 
6bb31000-6bb7f000 rw-p 00000000 00:00 0 
6bb7f000-6bb80000 ---p 00000000 00:00 0 
6bb80000-6bc00000 rw-p 00000000 00:00 0 
6bc00000-6bcfe000 rw-p 00000000 00:00 0 
6bcfe000-6bd00000 ---p 00000000 00:00 0 
6bd08000-6bd0b000 ---p 00000000 00:00 0 
6bd0b000-6bda4000 rw-p 00000000 00:00 0 
6bda4000-6bf60000 r--s 039dc000 08:05 1478912    /usr/lib/jvm/java-7-oracle/jre/lib/rt.jar
6bf60000-6ec00000 rw-p 00000000 00:00 0 
6ec00000-6ec21000 rw-p 00000000 00:00 0 
6ec21000-6ed00000 ---p 00000000 00:00 0 
6ed2e000-6ed31000 ---p 00000000 00:00 0 
6ed31000-6ed7f000 rw-p 00000000 00:00 0 
6ed7f000-6ed80000 ---p 00000000 00:00 0 
6ed80000-6ee00000 rw-p 00000000 00:00 0 
6ee00000-6ee21000 rw-p 00000000 00:00 0 
6ee21000-6ef00000 ---p 00000000 00:00 0 
6ef00000-6ef21000 rw-p 00000000 00:00 0 
6ef21000-6f000000 ---p 00000000 00:00 0 
6f02e000-6f031000 ---p 00000000 00:00 0 
6f031000-6f07f000 rw-p 00000000 00:00 0 
6f07f000-6f080000 ---p 00000000 00:00 0 
6f080000-6f100000 rw-p 00000000 00:00 0 
6f100000-6f121000 rw-p 00000000 00:00 0 
6f121000-6f200000 ---p 00000000 00:00 0 
6f237000-6f238000 ---p 00000000 00:00 0 
6f238000-6f2b8000 rw-p 00000000 00:00 0 
6f2b8000-6f2b9000 ---p 00000000 00:00 0 
6f2b9000-6f341000 rw-p 00000000 00:00 0 
6f341000-6f359000 rw-p 00000000 00:00 0 
6f359000-6f39f000 rw-p 00000000 00:00 0 
6f39f000-6f4af000 rw-p 00000000 00:00 0 
6f4af000-6f4b7000 rw-p 00000000 00:00 0 
6f4b7000-6f4cf000 rw-p 00000000 00:00 0 
6f4cf000-6f515000 rw-p 00000000 00:00 0 
6f515000-6f624000 rw-p 00000000 00:00 0 
6f624000-6f62f000 rw-p 00000000 00:00 0 
6f62f000-6f6cf000 rw-p 00000000 00:00 0 
6f6cf000-706d0000 rw-p 00000000 00:00 0 
706d0000-736d0000 rw-p 00000000 00:00 0 
736d0000-7c0e0000 rw-p 00000000 00:00 0 
7c0e0000-9e180000 rw-p 00000000 00:00 0 
9e180000-9f6d0000 rw-p 00000000 00:00 0 
9f6d0000-b36d0000 rw-p 00000000 00:00 0 
b36d1000-b36da000 rw-p 00000000 00:00 0 
b36da000-b3791000 rw-p 00000000 00:00 0 
b3791000-b39d1000 rwxp 00000000 00:00 0 
b39d1000-b6791000 rw-p 00000000 00:00 0 
b6791000-b67a8000 r-xp 00000000 08:05 1473553    /usr/lib/jvm/java-7-oracle/jre/lib/i386/libzip.so
b67a8000-b67a9000 rw-p 00017000 08:05 1473553    /usr/lib/jvm/java-7-oracle/jre/lib/i386/libzip.so
b67a9000-b67b4000 r-xp 00000000 08:05 1969594    /lib/i386-linux-gnu/libnss_files-2.15.so
b67b4000-b67b5000 r--p 0000a000 08:05 1969594    /lib/i386-linux-gnu/libnss_files-2.15.so
b67b5000-b67b6000 rw-p 0000b000 08:05 1969594    /lib/i386-linux-gnu/libnss_files-2.15.so
b67b6000-b67c0000 r-xp 00000000 08:05 1981151    /lib/i386-linux-gnu/libnss_nis-2.15.so
b67c0000-b67c1000 r--p 00009000 08:05 1981151    /lib/i386-linux-gnu/libnss_nis-2.15.so
b67c1000-b67c2000 rw-p 0000a000 08:05 1981151    /lib/i386-linux-gnu/libnss_nis-2.15.so
b67c2000-b67d8000 r-xp 00000000 08:05 1981163    /lib/i386-linux-gnu/libnsl-2.15.so
b67d8000-b67d9000 r--p 00015000 08:05 1981163    /lib/i386-linux-gnu/libnsl-2.15.so
b67d9000-b67da000 rw-p 00016000 08:05 1981163    /lib/i386-linux-gnu/libnsl-2.15.so
b67da000-b67dc000 rw-p 00000000 00:00 0 
b67dc000-b67ff000 r-xp 00000000 08:05 1473590    /usr/lib/jvm/java-7-oracle/jre/lib/i386/libjava.so
b67ff000-b6800000 rw-p 00023000 08:05 1473590    /usr/lib/jvm/java-7-oracle/jre/lib/i386/libjava.so
b6800000-b68fa000 rw-p 00000000 00:00 0 
b68fa000-b6900000 ---p 00000000 00:00 0 
b6917000-b691f000 rw-s 00000000 08:05 1480561    /tmp/hsperfdata_kathy/3267
b691f000-b6926000 r-xp 00000000 08:05 1981150    /lib/i386-linux-gnu/librt-2.15.so
b6926000-b6927000 r--p 00006000 08:05 1981150    /lib/i386-linux-gnu/librt-2.15.so
b6927000-b6928000 rw-p 00007000 08:05 1981150    /lib/i386-linux-gnu/librt-2.15.so
b6928000-b692b000 ---p 00000000 00:00 0 
b692b000-b6979000 rw-p 00000000 00:00 0 
b6979000-b69a3000 r-xp 00000000 08:05 1981154    /lib/i386-linux-gnu/libm-2.15.so
b69a3000-b69a4000 r--p 00029000 08:05 1981154    /lib/i386-linux-gnu/libm-2.15.so
b69a4000-b69a5000 rw-p 0002a000 08:05 1981154    /lib/i386-linux-gnu/libm-2.15.so
b69a5000-b715e000 r-xp 00000000 08:05 1473605    /usr/lib/jvm/java-7-oracle/jre/lib/i386/server/libjvm.so
b715e000-b71b0000 rw-p 007b9000 08:05 1473605    /usr/lib/jvm/java-7-oracle/jre/lib/i386/server/libjvm.so
b71b0000-b75d3000 rw-p 00000000 00:00 0 
b75d3000-b7776000 r-xp 00000000 08:05 1969532    /lib/i386-linux-gnu/libc-2.15.so
b7776000-b7777000 ---p 001a3000 08:05 1969532    /lib/i386-linux-gnu/libc-2.15.so
b7777000-b7779000 r--p 001a3000 08:05 1969532    /lib/i386-linux-gnu/libc-2.15.so
b7779000-b777a000 rw-p 001a5000 08:05 1969532    /lib/i386-linux-gnu/libc-2.15.so
b777a000-b777d000 rw-p 00000000 00:00 0 
b777d000-b7780000 r-xp 00000000 08:05 1981158    /lib/i386-linux-gnu/libdl-2.15.so
b7780000-b7781000 r--p 00002000 08:05 1981158    /lib/i386-linux-gnu/libdl-2.15.so
b7781000-b7782000 rw-p 00003000 08:05 1981158    /lib/i386-linux-gnu/libdl-2.15.so
b7782000-b7783000 rw-p 00000000 00:00 0 
b7783000-b7796000 r-xp 00000000 08:05 1473592    /usr/lib/jvm/java-7-oracle/jre/lib/i386/jli/libjli.so
b7796000-b7797000 rw-p 00012000 08:05 1473592    /usr/lib/jvm/java-7-oracle/jre/lib/i386/jli/libjli.so
b7797000-b77ae000 r-xp 00000000 08:05 1981152    /lib/i386-linux-gnu/libpthread-2.15.so
b77ae000-b77af000 r--p 00016000 08:05 1981152    /lib/i386-linux-gnu/libpthread-2.15.so
b77af000-b77b0000 rw-p 00017000 08:05 1981152    /lib/i386-linux-gnu/libpthread-2.15.so
b77b0000-b77b2000 rw-p 00000000 00:00 0 
b77b3000-b77b5000 rw-p 00000000 00:00 0 
b77b5000-b77b6000 r--p 005e0000 08:05 1316238    /usr/lib/locale/locale-archive
b77b6000-b77bd000 r-xp 00000000 08:05 1969571    /lib/i386-linux-gnu/libnss_compat-2.15.so
b77bd000-b77be000 r--p 00006000 08:05 1969571    /lib/i386-linux-gnu/libnss_compat-2.15.so
b77be000-b77bf000 rw-p 00007000 08:05 1969571    /lib/i386-linux-gnu/libnss_compat-2.15.so
b77bf000-b77c0000 rw-p 00000000 00:00 0 
b77c0000-b77c1000 ---p 00000000 00:00 0 
b77c1000-b77cc000 r-xp 00000000 08:05 1473578    /usr/lib/jvm/java-7-oracle/jre/lib/i386/libverify.so
b77cc000-b77cd000 rw-p 0000b000 08:05 1473578    /usr/lib/jvm/java-7-oracle/jre/lib/i386/libverify.so
b77cd000-b77cf000 rw-p 00000000 00:00 0 
b77cf000-b77d0000 r-xp 00000000 00:00 0          [vdso]
b77d0000-b77f0000 r-xp 00000000 08:05 1981155    /lib/i386-linux-gnu/ld-2.15.so
b77f0000-b77f1000 r--p 0001f000 08:05 1981155    /lib/i386-linux-gnu/ld-2.15.so
b77f1000-b77f2000 rw-p 00020000 08:05 1981155    /lib/i386-linux-gnu/ld-2.15.so
bfd83000-bfda4000 rw-p 00000000 00:00 0          [stack]

VM Arguments:
java_command: sprime
Launcher Type: SUN_STANDARD

Environment Variables:
PATH=/usr/lib/lightdm/lightdm:/usr/local/sbin:/usr/local/bin:/usr/sbin:/usr/bin:/sbin:/bin:/usr/games
SHELL=/bin/bash
DISPLAY=:0

Signal Handlers:
SIGSEGV: [libjvm.so+0x720f90], sa_mask[0]=0x7ffbfeff, sa_flags=0x10000004
SIGBUS: [libjvm.so+0x720f90], sa_mask[0]=0x7ffbfeff, sa_flags=0x10000004
SIGFPE: [libjvm.so+0x5d9de0], sa_mask[0]=0x7ffbfeff, sa_flags=0x10000004
SIGPIPE: [libjvm.so+0x5d9de0], sa_mask[0]=0x7ffbfeff, sa_flags=0x10000004
SIGXFSZ: [libjvm.so+0x5d9de0], sa_mask[0]=0x7ffbfeff, sa_flags=0x10000004
SIGILL: [libjvm.so+0x5d9de0], sa_mask[0]=0x7ffbfeff, sa_flags=0x10000004
SIGUSR1: SIG_DFL, sa_mask[0]=0x00000000, sa_flags=0x00000000
SIGUSR2: [libjvm.so+0x5d96c0], sa_mask[0]=0x00000000, sa_flags=0x10000004
SIGHUP: [libjvm.so+0x5dbcb0], sa_mask[0]=0x7ffbfeff, sa_flags=0x10000004
SIGINT: [libjvm.so+0x5dbcb0], sa_mask[0]=0x7ffbfeff, sa_flags=0x10000004
SIGTERM: [libjvm.so+0x5dbcb0], sa_mask[0]=0x7ffbfeff, sa_flags=0x10000004
SIGQUIT: [libjvm.so+0x5dbcb0], sa_mask[0]=0x7ffbfeff, sa_flags=0x10000004


---------------  S Y S T E M  ---------------

OS:wheezy/sid

uname:Linux 3.2.0-40-generic-pae #64-Ubuntu SMP Mon Mar 25 21:44:41 UTC 2013 i686
libc:glibc 2.15 NPTL 2.15 
rlimit: STACK 8192k, CORE 0k, NPROC 62132, NOFILE 4096, AS infinity
load average:8.09 11.81 10.50

/proc/meminfo:
MemTotal:        7967604 kB
MemFree:         6463628 kB
Buffers:           83352 kB
Cached:           859740 kB
SwapCached:            0 kB
Active:           810344 kB
Inactive:         609256 kB
Active(anon):     574672 kB
Inactive(anon):   212892 kB
Active(file):     235672 kB
Inactive(file):   396364 kB
Unevictable:           0 kB
Mlocked:               0 kB
HighTotal:       7172028 kB
HighFree:        5821732 kB
LowTotal:         795576 kB
LowFree:          641896 kB
SwapTotal:       8080380 kB
SwapFree:        8080380 kB
Dirty:                48 kB
Writeback:             0 kB
AnonPages:        476620 kB
Mapped:           124472 kB
Shmem:            311060 kB
Slab:              43032 kB
SReclaimable:      24756 kB
SUnreclaim:        18276 kB
KernelStack:        3264 kB
PageTables:         8056 kB
NFS_Unstable:          0 kB
Bounce:                0 kB
WritebackTmp:          0 kB
CommitLimit:    12064180 kB
Committed_AS:    2966284 kB
VmallocTotal:     122880 kB
VmallocUsed:       19476 kB
VmallocChunk:      95596 kB
HardwareCorrupted:     0 kB
AnonHugePages:         0 kB
HugePages_Total:       0
HugePages_Free:        0
HugePages_Rsvd:        0
HugePages_Surp:        0
Hugepagesize:       2048 kB
DirectMap4k:       10232 kB
DirectMap2M:      903168 kB


CPU:total 4 (2 cores per cpu, 2 threads per core) family 6 model 58 stepping 9, cmov, cx8, fxsr, mmx, sse, sse2, sse3, ssse3, sse4.1, sse4.2, popcnt, avx, ht, tsc, tscinvbit, tscinv

/proc/cpuinfo:
processor	: 0
vendor_id	: GenuineIntel
cpu family	: 6
model		: 58
model name	: Intel(R) Core(TM) i5-3317U CPU @ 1.70GHz
stepping	: 9
microcode	: 0x12
cpu MHz		: 1701.000
cache size	: 3072 KB
physical id	: 0
siblings	: 4
core id		: 0
cpu cores	: 2
apicid		: 0
initial apicid	: 0
fdiv_bug	: no
hlt_bug		: no
f00f_bug	: no
coma_bug	: no
fpu		: yes
fpu_exception	: yes
cpuid level	: 13
wp		: yes
flags		: fpu vme de pse tsc msr pae mce cx8 apic sep mtrr pge mca cmov pat pse36 clflush dts acpi mmx fxsr sse sse2 ss ht tm pbe nx rdtscp lm constant_tsc arch_perfmon pebs bts xtopology nonstop_tsc aperfmperf pni pclmulqdq dtes64 monitor ds_cpl vmx est tm2 ssse3 cx16 xtpr pdcm pcid sse4_1 sse4_2 x2apic popcnt tsc_deadline_timer aes xsave avx f16c rdrand lahf_lm ida arat epb xsaveopt pln pts dtherm tpr_shadow vnmi flexpriority ept vpid fsgsbase smep erms
bogomips	: 3392.51
clflush size	: 64
cache_alignment	: 64
address sizes	: 36 bits physical, 48 bits virtual
power management:

processor	: 1
vendor_id	: GenuineIntel
cpu family	: 6
model		: 58
model name	: Intel(R) Core(TM) i5-3317U CPU @ 1.70GHz
stepping	: 9
microcode	: 0x12
cpu MHz		: 1701.000
cache size	: 3072 KB
physical id	: 0
siblings	: 4
core id		: 0
cpu cores	: 2
apicid		: 1
initial apicid	: 1
fdiv_bug	: no
hlt_bug		: no
f00f_bug	: no
coma_bug	: no
fpu		: yes
fpu_exception	: yes
cpuid level	: 13
wp		: yes
flags		: fpu vme de pse tsc msr pae mce cx8 apic sep mtrr pge mca cmov pat pse36 clflush dts acpi mmx fxsr sse sse2 ss ht tm pbe nx rdtscp lm constant_tsc arch_perfmon pebs bts xtopology nonstop_tsc aperfmperf pni pclmulqdq dtes64 monitor ds_cpl vmx est tm2 ssse3 cx16 xtpr pdcm pcid sse4_1 sse4_2 x2apic popcnt tsc_deadline_timer aes xsave avx f16c rdrand lahf_lm arat epb xsaveopt pln pts dtherm tpr_shadow vnmi flexpriority ept vpid fsgsbase smep erms
bogomips	: 3392.13
clflush size	: 64
cache_alignment	: 64
address sizes	: 36 bits physical, 48 bits virtual
power management:

processor	: 2
vendor_id	: GenuineIntel
cpu family	: 6
model		: 58
model name	: Intel(R) Core(TM) i5-3317U CPU @ 1.70GHz
stepping	: 9
microcode	: 0x12
cpu MHz		: 1701.000
cache size	: 3072 KB
physical id	: 0
siblings	: 4
core id		: 1
cpu cores	: 2
apicid		: 2
initial apicid	: 2
fdiv_bug	: no
hlt_bug		: no
f00f_bug	: no
coma_bug	: no
fpu		: yes
fpu_exception	: yes
cpuid level	: 13
wp		: yes
flags		: fpu vme de pse tsc msr pae mce cx8 apic sep mtrr pge mca cmov pat pse36 clflush dts acpi mmx fxsr sse sse2 ss ht tm pbe nx rdtscp lm constant_tsc arch_perfmon pebs bts xtopology nonstop_tsc aperfmperf pni pclmulqdq dtes64 monitor ds_cpl vmx est tm2 ssse3 cx16 xtpr pdcm pcid sse4_1 sse4_2 x2apic popcnt tsc_deadline_timer aes xsave avx f16c rdrand lahf_lm arat epb xsaveopt pln pts dtherm tpr_shadow vnmi flexpriority ept vpid fsgsbase smep erms
bogomips	: 3392.15
clflush size	: 64
cache_alignment	: 64
address sizes	: 36 bits physical, 48 bits virtual
power management:

processor	: 3
vendor_id	: GenuineIntel
cpu family	: 6
model		: 58
model name	: Intel(R) Core(TM) i5-3317U CPU @ 1.70GHz
stepping	: 9
microcode	: 0x12
cpu MHz		: 799.000
cache size	: 3072 KB
physical id	: 0
siblings	: 4
core id		: 1
cpu cores	: 2
apicid		: 3
initial apicid	: 3
fdiv_bug	: no
hlt_bug		: no
f00f_bug	: no
coma_bug	: no
fpu		: yes
fpu_exception	: yes
cpuid level	: 13
wp		: yes
flags		: fpu vme de pse tsc msr pae mce cx8 apic sep mtrr pge mca cmov pat pse36 clflush dts acpi mmx fxsr sse sse2 ss ht tm pbe nx rdtscp lm constant_tsc arch_perfmon pebs bts xtopology nonstop_tsc aperfmperf pni pclmulqdq dtes64 monitor ds_cpl vmx est tm2 ssse3 cx16 xtpr pdcm pcid sse4_1 sse4_2 x2apic popcnt tsc_deadline_timer aes xsave avx f16c rdrand lahf_lm arat epb xsaveopt pln pts dtherm tpr_shadow vnmi flexpriority ept vpid fsgsbase smep erms
bogomips	: 3392.15
clflush size	: 64
cache_alignment	: 64
address sizes	: 36 bits physical, 48 bits virtual
power management:



Memory: 4k page, physical 7967604k(6463628k free), swap 8080380k(8080380k free)

vm_info: Java HotSpot(TM) Server VM (23.7-b01) for linux-x86 JRE (1.7.0_17-b02), built on Mar  1 2013 03:07:01 by "java_re" with gcc 4.3.0 20080428 (Red Hat 4.3.0-8)

time: Sat Sep 28 22:59:37 2013
elapsed time: 31773 seconds

