#
# A fatal error has been detected by the Java Runtime Environment:
#
#  Internal Error (safepoint.cpp:317), pid=3107, tid=1806695232
#  guarantee(PageArmed == 0) failed: invariant
#
# JRE version: 7.0_17-b02
# Java VM: Java HotSpot(TM) Server VM (23.7-b01 mixed mode linux-x86 )
# Failed to write core dump. Core dumps have been disabled. To enable core dumping, try "ulimit -c unlimited" before starting Java again
#
# If you would like to submit a bug report, please visit:
#   http://bugreport.sun.com/bugreport/crash.jsp
#

---------------  T H R E A D  ---------------

Current thread (0x6bba0c00):  VMThread [stack: 0x6ba7f000,0x6bb00000] [id=3113]

Stack: [0x6ba7f000,0x6bb00000],  sp=0x6bafec10,  free space=511k
Native frames: (J=compiled Java code, j=interpreted, Vv=VM code, C=native code)
V  [libjvm.so+0x720449]  VMError::report_and_die()+0x199
V  [libjvm.so+0x2e8829]  report_vm_error(char const*, int, char const*, char const*)+0x49
V  [libjvm.so+0x657411]  SafepointSynchronize::begin()+0x821
V  [libjvm.so+0x729cc6]  VMThread::loop()+0x1d6
V  [libjvm.so+0x72a375]  VMThread::run()+0x85
V  [libjvm.so+0x5df1f1]  java_start(Thread*)+0x111
C  [libpthread.so.0+0x6d4c]  start_thread+0xcc

VM_Operation (0x6ef00530): EnableBiasedLocking, mode: async safepoint, requested by thread 0x6bbea800


---------------  P R O C E S S  ---------------

Java Threads: ( => current thread )
  0x6bbe8800 JavaThread "Service Thread" daemon [_thread_blocked, id=3119, stack(0x6ec2e000,0x6ec7f000)]
  0x6bbe6c00 JavaThread "C2 CompilerThread1" daemon [_thread_blocked, id=3118, stack(0x6b47f000,0x6b500000)]
  0x6bbe4c00 JavaThread "C2 CompilerThread0" daemon [_thread_blocked, id=3117, stack(0x6b87f000,0x6b900000)]
  0x6bbe3000 JavaThread "Signal Dispatcher" daemon [_thread_blocked, id=3116, stack(0x6ee2e000,0x6ee7f000)]
  0x6bba8400 JavaThread "Finalizer" daemon [_thread_blocked, id=3115, stack(0x6f02e000,0x6f07f000)]
  0x6bba6800 JavaThread "Reference Handler" daemon [_thread_blocked, id=3114, stack(0x6ba2e000,0x6ba7f000)]
  0xb6706400 JavaThread "main" [_thread_in_Java, id=3108, stack(0xb6892000,0xb68e3000)]

Other Threads:
=>0x6bba0c00 VMThread [stack: 0x6ba7f000,0x6bb00000] [id=3113]
  0x6bbea800 WatcherThread [stack: 0x6b3fe000,0x6b47f000] [id=3120]

VM state:synchronizing (normal execution)

VM Mutex/Monitor currently owned by a thread:  ([mutex/lock_event])
[0xb6703a98] Safepoint_lock - owner thread: 0x6bba0c00
[0xb6703b00] Threads_lock - owner thread: 0x6bba0c00

Heap
 PSYoungGen      total 19136K, used 329K [0x9e0d0000, 0x9f620000, 0xb3620000)
  eden space 16448K, 2% used [0x9e0d0000,0x9e122448,0x9f0e0000)
  from space 2688K, 0% used [0x9f380000,0x9f380000,0x9f620000)
  to   space 2688K, 0% used [0x9f0e0000,0x9f0e0000,0x9f380000)
 ParOldGen       total 141376K, used 120161K [0x73620000, 0x7c030000, 0x9e0d0000)
  object space 141376K, 84% used [0x73620000,0x7ab787d8,0x7c030000)
 PSPermGen       total 16384K, used 1582K [0x6f620000, 0x70620000, 0x73620000)
  object space 16384K, 9% used [0x6f620000,0x6f7ab958,0x70620000)

Card table byte_map: [0x6f3ff000,0x6f620000] byte_map_base: 0x6f083f00

Polling page: 0xb772a000

Code Cache  [0xb36e8000, 0xb3928000, 0xb66e8000)
 total_blobs=111 nmethods=1 adapters=63 free_code_cache=48858Kb largest_free_block=50014976

Compilation events (2 events):
Event: 0.376 Thread 0x6bbe4c00    1 %           sprime::fillPrime @ 2 (148 bytes)
Event: 0.411 Thread 0x6bbe4c00 nmethod 1% 0xb3731388 code [0xb37314a0, 0xb37318b0]

GC Heap History (0 events):
No events

Deoptimization events (0 events):
No events

Internal exceptions (2 events):
Event: 0.073 Thread 0xb6706400 Threw 0x9e0d6058 at /HUDSON/workspace/jdk7u17-2-build-linux-i586-product/jdk7u17/hotspot/src/share/vm/prims/jni.cpp:3994
Event: 0.172 Thread 0xb6706400 Threw 0x9e113c00 at /HUDSON/workspace/jdk7u17-2-build-linux-i586-product/jdk7u17/hotspot/src/share/vm/prims/jvm.cpp:1166

Events (10 events):
Event: 0.190 loading class 0x6bbf87b8 done
Event: 0.190 loading class 0x6bbf9040
Event: 0.190 loading class 0x6bbf9040 done
Event: 0.190 loading class 0x6bba3820
Event: 0.190 loading class 0x6bba3820 done
Event: 0.192 loading class 0x6bbfdaf0
Event: 0.192 loading class 0x6bbfdaf0 done
Event: 0.192 loading class 0xb675f150
Event: 0.192 loading class 0xb675f150 done
Event: 4.174 Executing VM operation: EnableBiasedLocking


Dynamic libraries:
08048000-08049000 r-xp 00000000 08:05 1473537    /usr/lib/jvm/java-7-oracle/jre/bin/java
08049000-0804a000 rw-p 00000000 08:05 1473537    /usr/lib/jvm/java-7-oracle/jre/bin/java
091be000-091df000 rw-p 00000000 00:00 0          [heap]
6b22a000-6b3fe000 rw-p 00000000 00:00 0 
6b3fe000-6b3ff000 ---p 00000000 00:00 0 
6b3ff000-6b47f000 rw-p 00000000 00:00 0 
6b47f000-6b482000 ---p 00000000 00:00 0 
6b482000-6b500000 rw-p 00000000 00:00 0 
6b500000-6b700000 r--p 00000000 08:05 1316238    /usr/lib/locale/locale-archive
6b700000-6b721000 rw-p 00000000 00:00 0 
6b721000-6b800000 ---p 00000000 00:00 0 
6b87f000-6b882000 ---p 00000000 00:00 0 
6b882000-6b900000 rw-p 00000000 00:00 0 
6b900000-6b99d000 rw-p 00000000 00:00 0 
6b99d000-6ba00000 ---p 00000000 00:00 0 
6ba2e000-6ba31000 ---p 00000000 00:00 0 
6ba31000-6ba7f000 rw-p 00000000 00:00 0 
6ba7f000-6ba80000 ---p 00000000 00:00 0 
6ba80000-6bb00000 rw-p 00000000 00:00 0 
6bb00000-6bbfe000 rw-p 00000000 00:00 0 
6bbfe000-6bc00000 ---p 00000000 00:00 0 
6bc59000-6bca4000 rw-p 00000000 00:00 0 
6bca4000-6be60000 r--s 039dc000 08:05 1478912    /usr/lib/jvm/java-7-oracle/jre/lib/rt.jar
6be60000-6eb00000 rw-p 00000000 00:00 0 
6eb00000-6eb21000 rw-p 00000000 00:00 0 
6eb21000-6ec00000 ---p 00000000 00:00 0 
6ec2e000-6ec31000 ---p 00000000 00:00 0 
6ec31000-6ec7f000 rw-p 00000000 00:00 0 
6ec7f000-6ec80000 ---p 00000000 00:00 0 
6ec80000-6ed00000 rw-p 00000000 00:00 0 
6ed00000-6ed21000 rw-p 00000000 00:00 0 
6ed21000-6ee00000 ---p 00000000 00:00 0 
6ee2e000-6ee31000 ---p 00000000 00:00 0 
6ee31000-6ee7f000 rw-p 00000000 00:00 0 
6ee7f000-6ee80000 ---p 00000000 00:00 0 
6ee80000-6ef00000 rw-p 00000000 00:00 0 
6ef00000-6ef21000 rw-p 00000000 00:00 0 
6ef21000-6f000000 ---p 00000000 00:00 0 
6f02e000-6f031000 ---p 00000000 00:00 0 
6f031000-6f07f000 rw-p 00000000 00:00 0 
6f07f000-6f080000 ---p 00000000 00:00 0 
6f080000-6f100000 rw-p 00000000 00:00 0 
6f100000-6f121000 rw-p 00000000 00:00 0 
6f121000-6f200000 ---p 00000000 00:00 0 
6f208000-6f209000 ---p 00000000 00:00 0 
6f209000-6f291000 rw-p 00000000 00:00 0 
6f291000-6f2a9000 rw-p 00000000 00:00 0 
6f2a9000-6f2ef000 rw-p 00000000 00:00 0 
6f2ef000-6f3ff000 rw-p 00000000 00:00 0 
6f3ff000-6f407000 rw-p 00000000 00:00 0 
6f407000-6f41f000 rw-p 00000000 00:00 0 
6f41f000-6f465000 rw-p 00000000 00:00 0 
6f465000-6f574000 rw-p 00000000 00:00 0 
6f574000-6f57f000 rw-p 00000000 00:00 0 
6f57f000-6f61f000 rw-p 00000000 00:00 0 
6f61f000-70620000 rw-p 00000000 00:00 0 
70620000-73620000 rw-p 00000000 00:00 0 
73620000-7c030000 rw-p 00000000 00:00 0 
7c030000-9e0d0000 rw-p 00000000 00:00 0 
9e0d0000-9f620000 rw-p 00000000 00:00 0 
9f620000-b3620000 rw-p 00000000 00:00 0 
b3628000-b3631000 rw-p 00000000 00:00 0 
b3631000-b36e8000 rw-p 00000000 00:00 0 
b36e8000-b3928000 rwxp 00000000 00:00 0 
b3928000-b66e8000 rw-p 00000000 00:00 0 
b66e8000-b66ff000 r-xp 00000000 08:05 1473553    /usr/lib/jvm/java-7-oracle/jre/lib/i386/libzip.so
b66ff000-b6700000 rw-p 00017000 08:05 1473553    /usr/lib/jvm/java-7-oracle/jre/lib/i386/libzip.so
b6700000-b67fa000 rw-p 00000000 00:00 0 
b67fa000-b6800000 ---p 00000000 00:00 0 
b6817000-b6822000 r-xp 00000000 08:05 1969594    /lib/i386-linux-gnu/libnss_files-2.15.so
b6822000-b6823000 r--p 0000a000 08:05 1969594    /lib/i386-linux-gnu/libnss_files-2.15.so
b6823000-b6824000 rw-p 0000b000 08:05 1969594    /lib/i386-linux-gnu/libnss_files-2.15.so
b6824000-b682e000 r-xp 00000000 08:05 1981151    /lib/i386-linux-gnu/libnss_nis-2.15.so
b682e000-b682f000 r--p 00009000 08:05 1981151    /lib/i386-linux-gnu/libnss_nis-2.15.so
b682f000-b6830000 rw-p 0000a000 08:05 1981151    /lib/i386-linux-gnu/libnss_nis-2.15.so
b6830000-b6846000 r-xp 00000000 08:05 1981163    /lib/i386-linux-gnu/libnsl-2.15.so
b6846000-b6847000 r--p 00015000 08:05 1981163    /lib/i386-linux-gnu/libnsl-2.15.so
b6847000-b6848000 rw-p 00016000 08:05 1981163    /lib/i386-linux-gnu/libnsl-2.15.so
b6848000-b684a000 rw-p 00000000 00:00 0 
b685d000-b6865000 rw-s 00000000 08:05 1468668    /tmp/hsperfdata_kathy/3107
b6865000-b6888000 r-xp 00000000 08:05 1473590    /usr/lib/jvm/java-7-oracle/jre/lib/i386/libjava.so
b6888000-b6889000 rw-p 00023000 08:05 1473590    /usr/lib/jvm/java-7-oracle/jre/lib/i386/libjava.so
b6889000-b6890000 r-xp 00000000 08:05 1981150    /lib/i386-linux-gnu/librt-2.15.so
b6890000-b6891000 r--p 00006000 08:05 1981150    /lib/i386-linux-gnu/librt-2.15.so
b6891000-b6892000 rw-p 00007000 08:05 1981150    /lib/i386-linux-gnu/librt-2.15.so
b6892000-b6895000 ---p 00000000 00:00 0 
b6895000-b68e3000 rw-p 00000000 00:00 0 
b68e3000-b690d000 r-xp 00000000 08:05 1981154    /lib/i386-linux-gnu/libm-2.15.so
b690d000-b690e000 r--p 00029000 08:05 1981154    /lib/i386-linux-gnu/libm-2.15.so
b690e000-b690f000 rw-p 0002a000 08:05 1981154    /lib/i386-linux-gnu/libm-2.15.so
b690f000-b70c8000 r-xp 00000000 08:05 1473605    /usr/lib/jvm/java-7-oracle/jre/lib/i386/server/libjvm.so
b70c8000-b711a000 rw-p 007b9000 08:05 1473605    /usr/lib/jvm/java-7-oracle/jre/lib/i386/server/libjvm.so
b711a000-b753d000 rw-p 00000000 00:00 0 
b753d000-b76e0000 r-xp 00000000 08:05 1969532    /lib/i386-linux-gnu/libc-2.15.so
b76e0000-b76e1000 ---p 001a3000 08:05 1969532    /lib/i386-linux-gnu/libc-2.15.so
b76e1000-b76e3000 r--p 001a3000 08:05 1969532    /lib/i386-linux-gnu/libc-2.15.so
b76e3000-b76e4000 rw-p 001a5000 08:05 1969532    /lib/i386-linux-gnu/libc-2.15.so
b76e4000-b76e7000 rw-p 00000000 00:00 0 
b76e7000-b76ea000 r-xp 00000000 08:05 1981158    /lib/i386-linux-gnu/libdl-2.15.so
b76ea000-b76eb000 r--p 00002000 08:05 1981158    /lib/i386-linux-gnu/libdl-2.15.so
b76eb000-b76ec000 rw-p 00003000 08:05 1981158    /lib/i386-linux-gnu/libdl-2.15.so
b76ec000-b76ed000 rw-p 00000000 00:00 0 
b76ed000-b7700000 r-xp 00000000 08:05 1473592    /usr/lib/jvm/java-7-oracle/jre/lib/i386/jli/libjli.so
b7700000-b7701000 rw-p 00012000 08:05 1473592    /usr/lib/jvm/java-7-oracle/jre/lib/i386/jli/libjli.so
b7701000-b7718000 r-xp 00000000 08:05 1981152    /lib/i386-linux-gnu/libpthread-2.15.so
b7718000-b7719000 r--p 00016000 08:05 1981152    /lib/i386-linux-gnu/libpthread-2.15.so
b7719000-b771a000 rw-p 00017000 08:05 1981152    /lib/i386-linux-gnu/libpthread-2.15.so
b771a000-b771c000 rw-p 00000000 00:00 0 
b771d000-b771f000 rw-p 00000000 00:00 0 
b771f000-b7720000 r--p 005e0000 08:05 1316238    /usr/lib/locale/locale-archive
b7720000-b7727000 r-xp 00000000 08:05 1969571    /lib/i386-linux-gnu/libnss_compat-2.15.so
b7727000-b7728000 r--p 00006000 08:05 1969571    /lib/i386-linux-gnu/libnss_compat-2.15.so
b7728000-b7729000 rw-p 00007000 08:05 1969571    /lib/i386-linux-gnu/libnss_compat-2.15.so
b7729000-b772a000 rw-p 00000000 00:00 0 
b772a000-b772b000 ---p 00000000 00:00 0 
b772b000-b7736000 r-xp 00000000 08:05 1473578    /usr/lib/jvm/java-7-oracle/jre/lib/i386/libverify.so
b7736000-b7737000 rw-p 0000b000 08:05 1473578    /usr/lib/jvm/java-7-oracle/jre/lib/i386/libverify.so
b7737000-b7739000 rw-p 00000000 00:00 0 
b7739000-b773a000 r-xp 00000000 00:00 0          [vdso]
b773a000-b775a000 r-xp 00000000 08:05 1981155    /lib/i386-linux-gnu/ld-2.15.so
b775a000-b775b000 r--p 0001f000 08:05 1981155    /lib/i386-linux-gnu/ld-2.15.so
b775b000-b775c000 rw-p 00020000 08:05 1981155    /lib/i386-linux-gnu/ld-2.15.so
bfe55000-bfe76000 rw-p 00000000 00:00 0          [stack]

VM Arguments:
java_command: sprime
Launcher Type: SUN_STANDARD

Environment Variables:
PATH=/usr/lib/lightdm/lightdm:/usr/local/sbin:/usr/local/bin:/usr/sbin:/usr/bin:/sbin:/bin:/usr/games
SHELL=/bin/bash
DISPLAY=:0

Signal Handlers:
SIGSEGV: [libjvm.so+0x720f90], sa_mask[0]=0x7ffbfeff, sa_flags=0x10000004
SIGBUS: [libjvm.so+0x720f90], sa_mask[0]=0x7ffbfeff, sa_flags=0x10000004
SIGFPE: [libjvm.so+0x5d9de0], sa_mask[0]=0x7ffbfeff, sa_flags=0x10000004
SIGPIPE: [libjvm.so+0x5d9de0], sa_mask[0]=0x7ffbfeff, sa_flags=0x10000004
SIGXFSZ: [libjvm.so+0x5d9de0], sa_mask[0]=0x7ffbfeff, sa_flags=0x10000004
SIGILL: [libjvm.so+0x5d9de0], sa_mask[0]=0x7ffbfeff, sa_flags=0x10000004
SIGUSR1: SIG_DFL, sa_mask[0]=0x00000000, sa_flags=0x00000000
SIGUSR2: [libjvm.so+0x5d96c0], sa_mask[0]=0x00000000, sa_flags=0x10000004
SIGHUP: [libjvm.so+0x5dbcb0], sa_mask[0]=0x7ffbfeff, sa_flags=0x10000004
SIGINT: [libjvm.so+0x5dbcb0], sa_mask[0]=0x7ffbfeff, sa_flags=0x10000004
SIGTERM: [libjvm.so+0x5dbcb0], sa_mask[0]=0x7ffbfeff, sa_flags=0x10000004
SIGQUIT: [libjvm.so+0x5dbcb0], sa_mask[0]=0x7ffbfeff, sa_flags=0x10000004


---------------  S Y S T E M  ---------------

OS:wheezy/sid

uname:Linux 3.2.0-40-generic-pae #64-Ubuntu SMP Mon Mar 25 21:44:41 UTC 2013 i686
libc:glibc 2.15 NPTL 2.15 
rlimit: STACK 8192k, CORE 0k, NPROC 62132, NOFILE 4096, AS infinity
load average:18.27 13.62 10.88

/proc/meminfo:
MemTotal:        7967604 kB
MemFree:         6200972 kB
Buffers:           82828 kB
Cached:           840948 kB
SwapCached:            0 kB
Active:          1012172 kB
Inactive:         669532 kB
Active(anon):     856048 kB
Inactive(anon):   208380 kB
Active(file):     156124 kB
Inactive(file):   461152 kB
Unevictable:           0 kB
Mlocked:               0 kB
HighTotal:       7172028 kB
HighFree:        5557860 kB
LowTotal:         795576 kB
LowFree:          643112 kB
SwapTotal:       8080380 kB
SwapFree:        8080380 kB
Dirty:                56 kB
Writeback:             0 kB
AnonPages:        757996 kB
Mapped:           125656 kB
Shmem:            306504 kB
Slab:              42524 kB
SReclaimable:      24372 kB
SUnreclaim:        18152 kB
KernelStack:        3520 kB
PageTables:         8928 kB
NFS_Unstable:          0 kB
Bounce:                0 kB
WritebackTmp:          0 kB
CommitLimit:    12064180 kB
Committed_AS:    3499672 kB
VmallocTotal:     122880 kB
VmallocUsed:       19464 kB
VmallocChunk:      95632 kB
HardwareCorrupted:     0 kB
AnonHugePages:         0 kB
HugePages_Total:       0
HugePages_Free:        0
HugePages_Rsvd:        0
HugePages_Surp:        0
Hugepagesize:       2048 kB
DirectMap4k:       10232 kB
DirectMap2M:      903168 kB


CPU:total 4 (2 cores per cpu, 2 threads per core) family 6 model 58 stepping 9, cmov, cx8, fxsr, mmx, sse, sse2, sse3, ssse3, sse4.1, sse4.2, popcnt, avx, ht, tsc, tscinvbit, tscinv

/proc/cpuinfo:
processor	: 0
vendor_id	: GenuineIntel
cpu family	: 6
model		: 58
model name	: Intel(R) Core(TM) i5-3317U CPU @ 1.70GHz
stepping	: 9
microcode	: 0x12
cpu MHz		: 1701.000
cache size	: 3072 KB
physical id	: 0
siblings	: 4
core id		: 0
cpu cores	: 2
apicid		: 0
initial apicid	: 0
fdiv_bug	: no
hlt_bug		: no
f00f_bug	: no
coma_bug	: no
fpu		: yes
fpu_exception	: yes
cpuid level	: 13
wp		: yes
flags		: fpu vme de pse tsc msr pae mce cx8 apic sep mtrr pge mca cmov pat pse36 clflush dts acpi mmx fxsr sse sse2 ss ht tm pbe nx rdtscp lm constant_tsc arch_perfmon pebs bts xtopology nonstop_tsc aperfmperf pni pclmulqdq dtes64 monitor ds_cpl vmx est tm2 ssse3 cx16 xtpr pdcm pcid sse4_1 sse4_2 x2apic popcnt tsc_deadline_timer aes xsave avx f16c rdrand lahf_lm ida arat epb xsaveopt pln pts dtherm tpr_shadow vnmi flexpriority ept vpid fsgsbase smep erms
bogomips	: 3392.51
clflush size	: 64
cache_alignment	: 64
address sizes	: 36 bits physical, 48 bits virtual
power management:

processor	: 1
vendor_id	: GenuineIntel
cpu family	: 6
model		: 58
model name	: Intel(R) Core(TM) i5-3317U CPU @ 1.70GHz
stepping	: 9
microcode	: 0x12
cpu MHz		: 1701.000
cache size	: 3072 KB
physical id	: 0
siblings	: 4
core id		: 0
cpu cores	: 2
apicid		: 1
initial apicid	: 1
fdiv_bug	: no
hlt_bug		: no
f00f_bug	: no
coma_bug	: no
fpu		: yes
fpu_exception	: yes
cpuid level	: 13
wp		: yes
flags		: fpu vme de pse tsc msr pae mce cx8 apic sep mtrr pge mca cmov pat pse36 clflush dts acpi mmx fxsr sse sse2 ss ht tm pbe nx rdtscp lm constant_tsc arch_perfmon pebs bts xtopology nonstop_tsc aperfmperf pni pclmulqdq dtes64 monitor ds_cpl vmx est tm2 ssse3 cx16 xtpr pdcm pcid sse4_1 sse4_2 x2apic popcnt tsc_deadline_timer aes xsave avx f16c rdrand lahf_lm arat epb xsaveopt pln pts dtherm tpr_shadow vnmi flexpriority ept vpid fsgsbase smep erms
bogomips	: 3392.13
clflush size	: 64
cache_alignment	: 64
address sizes	: 36 bits physical, 48 bits virtual
power management:

processor	: 2
vendor_id	: GenuineIntel
cpu family	: 6
model		: 58
model name	: Intel(R) Core(TM) i5-3317U CPU @ 1.70GHz
stepping	: 9
microcode	: 0x12
cpu MHz		: 1701.000
cache size	: 3072 KB
physical id	: 0
siblings	: 4
core id		: 1
cpu cores	: 2
apicid		: 2
initial apicid	: 2
fdiv_bug	: no
hlt_bug		: no
f00f_bug	: no
coma_bug	: no
fpu		: yes
fpu_exception	: yes
cpuid level	: 13
wp		: yes
flags		: fpu vme de pse tsc msr pae mce cx8 apic sep mtrr pge mca cmov pat pse36 clflush dts acpi mmx fxsr sse sse2 ss ht tm pbe nx rdtscp lm constant_tsc arch_perfmon pebs bts xtopology nonstop_tsc aperfmperf pni pclmulqdq dtes64 monitor ds_cpl vmx est tm2 ssse3 cx16 xtpr pdcm pcid sse4_1 sse4_2 x2apic popcnt tsc_deadline_timer aes xsave avx f16c rdrand lahf_lm arat epb xsaveopt pln pts dtherm tpr_shadow vnmi flexpriority ept vpid fsgsbase smep erms
bogomips	: 3392.15
clflush size	: 64
cache_alignment	: 64
address sizes	: 36 bits physical, 48 bits virtual
power management:

processor	: 3
vendor_id	: GenuineIntel
cpu family	: 6
model		: 58
model name	: Intel(R) Core(TM) i5-3317U CPU @ 1.70GHz
stepping	: 9
microcode	: 0x12
cpu MHz		: 1701.000
cache size	: 3072 KB
physical id	: 0
siblings	: 4
core id		: 1
cpu cores	: 2
apicid		: 3
initial apicid	: 3
fdiv_bug	: no
hlt_bug		: no
f00f_bug	: no
coma_bug	: no
fpu		: yes
fpu_exception	: yes
cpuid level	: 13
wp		: yes
flags		: fpu vme de pse tsc msr pae mce cx8 apic sep mtrr pge mca cmov pat pse36 clflush dts acpi mmx fxsr sse sse2 ss ht tm pbe nx rdtscp lm constant_tsc arch_perfmon pebs bts xtopology nonstop_tsc aperfmperf pni pclmulqdq dtes64 monitor ds_cpl vmx est tm2 ssse3 cx16 xtpr pdcm pcid sse4_1 sse4_2 x2apic popcnt tsc_deadline_timer aes xsave avx f16c rdrand lahf_lm arat epb xsaveopt pln pts dtherm tpr_shadow vnmi flexpriority ept vpid fsgsbase smep erms
bogomips	: 3392.15
clflush size	: 64
cache_alignment	: 64
address sizes	: 36 bits physical, 48 bits virtual
power management:



Memory: 4k page, physical 7967604k(6200972k free), swap 8080380k(8080380k free)

vm_info: Java HotSpot(TM) Server VM (23.7-b01) for linux-x86 JRE (1.7.0_17-b02), built on Mar  1 2013 03:07:01 by "java_re" with gcc 4.3.0 20080428 (Red Hat 4.3.0-8)

time: Sat Sep 28 22:58:15 2013
elapsed time: 31755 seconds

