#
# A fatal error has been detected by the Java Runtime Environment:
#
#  Internal Error (safepoint.cpp:317), pid=2682, tid=1807743808
#  guarantee(PageArmed == 0) failed: invariant
#
# JRE version: 7.0_17-b02
# Java VM: Java HotSpot(TM) Server VM (23.7-b01 mixed mode linux-x86 )
# Failed to write core dump. Core dumps have been disabled. To enable core dumping, try "ulimit -c unlimited" before starting Java again
#
# If you would like to submit a bug report, please visit:
#   http://bugreport.sun.com/bugreport/crash.jsp
#

---------------  T H R E A D  ---------------

Current thread (0x6bca0c00):  VMThread [stack: 0x6bb7f000,0x6bc00000] [id=2688]

Stack: [0x6bb7f000,0x6bc00000],  sp=0x6bbfec90,  free space=511k
Native frames: (J=compiled Java code, j=interpreted, Vv=VM code, C=native code)
V  [libjvm.so+0x720449]  VMError::report_and_die()+0x199
V  [libjvm.so+0x2e8829]  report_vm_error(char const*, int, char const*, char const*)+0x49
V  [libjvm.so+0x657411]  SafepointSynchronize::begin()+0x821
V  [libjvm.so+0x729cc6]  VMThread::loop()+0x1d6
V  [libjvm.so+0x72a375]  VMThread::run()+0x85
V  [libjvm.so+0x5df1f1]  java_start(Thread*)+0x111
C  [libpthread.so.0+0x6d4c]  start_thread+0xcc

VM_Operation (0x6ef00530): EnableBiasedLocking, mode: async safepoint, requested by thread 0x6bcea400


---------------  P R O C E S S  ---------------

Java Threads: ( => current thread )
  0x6bce8800 JavaThread "Service Thread" daemon [_thread_blocked, id=2694, stack(0x6bd08000,0x6bd59000)]
  0x6bce6c00 JavaThread "C2 CompilerThread1" daemon [_thread_blocked, id=2693, stack(0x6b57f000,0x6b600000)]
  0x6bce4c00 JavaThread "C2 CompilerThread0" daemon [_thread_blocked, id=2692, stack(0x6b97f000,0x6ba00000)]
  0x6bce3000 JavaThread "Signal Dispatcher" daemon [_thread_blocked, id=2691, stack(0x6ed2e000,0x6ed7f000)]
  0x6bca8400 JavaThread "Finalizer" daemon [_thread_blocked, id=2690, stack(0x6f02e000,0x6f07f000)]
  0x6bca6800 JavaThread "Reference Handler" daemon [_thread_blocked, id=2689, stack(0x6bb2e000,0x6bb7f000)]
  0xb6806400 JavaThread "main" [_thread_in_Java, id=2683, stack(0xb6905000,0xb6956000)]

Other Threads:
=>0x6bca0c00 VMThread [stack: 0x6bb7f000,0x6bc00000] [id=2688]
  0x6bcea400 WatcherThread [stack: 0x6b4fe000,0x6b57f000] [id=2695]

VM state:synchronizing (normal execution)

VM Mutex/Monitor currently owned by a thread:  ([mutex/lock_event])
[0xb6803a98] Safepoint_lock - owner thread: 0x6bca0c00
[0xb6803b00] Threads_lock - owner thread: 0x6bca0c00

Heap
 PSYoungGen      total 19136K, used 329K [0x9e150000, 0x9f6a0000, 0xb36a0000)
  eden space 16448K, 2% used [0x9e150000,0x9e1a2448,0x9f160000)
  from space 2688K, 0% used [0x9f400000,0x9f400000,0x9f6a0000)
  to   space 2688K, 0% used [0x9f160000,0x9f160000,0x9f400000)
 ParOldGen       total 141376K, used 120161K [0x736a0000, 0x7c0b0000, 0x9e150000)
  object space 141376K, 84% used [0x736a0000,0x7abf87d8,0x7c0b0000)
 PSPermGen       total 16384K, used 1582K [0x6f6a0000, 0x706a0000, 0x736a0000)
  object space 16384K, 9% used [0x6f6a0000,0x6f82b948,0x706a0000)

Card table byte_map: [0x6f47f000,0x6f6a0000] byte_map_base: 0x6f103b00

Polling page: 0xb779d000

Code Cache  [0xb376d000, 0xb39ad000, 0xb676d000)
 total_blobs=111 nmethods=1 adapters=63 free_code_cache=48858Kb largest_free_block=50014976

Compilation events (2 events):
Event: 0.147 Thread 0x6bce4c00    1 %           sprime::fillPrime @ 2 (148 bytes)
Event: 0.168 Thread 0x6bce4c00 nmethod 1% 0xb37b6388 code [0xb37b64a0, 0xb37b68b0]

GC Heap History (0 events):
No events

Deoptimization events (0 events):
No events

Internal exceptions (2 events):
Event: 0.034 Thread 0xb6806400 Threw 0x9e156058 at /HUDSON/workspace/jdk7u17-2-build-linux-i586-product/jdk7u17/hotspot/src/share/vm/prims/jni.cpp:3994
Event: 0.071 Thread 0xb6806400 Threw 0x9e193c00 at /HUDSON/workspace/jdk7u17-2-build-linux-i586-product/jdk7u17/hotspot/src/share/vm/prims/jvm.cpp:1166

Events (10 events):
Event: 0.075 loading class 0x6bcf87b8 done
Event: 0.075 loading class 0x6bcf9040
Event: 0.075 loading class 0x6bcf9040 done
Event: 0.075 loading class 0x6bca3820
Event: 0.075 loading class 0x6bca3820 done
Event: 0.076 loading class 0x6bcfdae8
Event: 0.076 loading class 0x6bcfdae8 done
Event: 0.076 loading class 0xb685f150
Event: 0.076 loading class 0xb685f150 done
Event: 4.075 Executing VM operation: EnableBiasedLocking


Dynamic libraries:
08048000-08049000 r-xp 00000000 08:05 1473537    /usr/lib/jvm/java-7-oracle/jre/bin/java
08049000-0804a000 rw-p 00000000 08:05 1473537    /usr/lib/jvm/java-7-oracle/jre/bin/java
0809d000-080be000 rw-p 00000000 00:00 0          [heap]
6b32a000-6b4fe000 rw-p 00000000 00:00 0 
6b4fe000-6b4ff000 ---p 00000000 00:00 0 
6b4ff000-6b57f000 rw-p 00000000 00:00 0 
6b57f000-6b582000 ---p 00000000 00:00 0 
6b582000-6b600000 rw-p 00000000 00:00 0 
6b600000-6b800000 r--p 00000000 08:05 1316238    /usr/lib/locale/locale-archive
6b800000-6b821000 rw-p 00000000 00:00 0 
6b821000-6b900000 ---p 00000000 00:00 0 
6b97f000-6b982000 ---p 00000000 00:00 0 
6b982000-6ba00000 rw-p 00000000 00:00 0 
6ba00000-6ba9d000 rw-p 00000000 00:00 0 
6ba9d000-6bb00000 ---p 00000000 00:00 0 
6bb2e000-6bb31000 ---p 00000000 00:00 0 
6bb31000-6bb7f000 rw-p 00000000 00:00 0 
6bb7f000-6bb80000 ---p 00000000 00:00 0 
6bb80000-6bc00000 rw-p 00000000 00:00 0 
6bc00000-6bcfe000 rw-p 00000000 00:00 0 
6bcfe000-6bd00000 ---p 00000000 00:00 0 
6bd08000-6bd0b000 ---p 00000000 00:00 0 
6bd0b000-6bda4000 rw-p 00000000 00:00 0 
6bda4000-6bf60000 r--s 039dc000 08:05 1478912    /usr/lib/jvm/java-7-oracle/jre/lib/rt.jar
6bf60000-6ec00000 rw-p 00000000 00:00 0 
6ec00000-6ec21000 rw-p 00000000 00:00 0 
6ec21000-6ed00000 ---p 00000000 00:00 0 
6ed2e000-6ed31000 ---p 00000000 00:00 0 
6ed31000-6ed7f000 rw-p 00000000 00:00 0 
6ed7f000-6ed80000 ---p 00000000 00:00 0 
6ed80000-6ee00000 rw-p 00000000 00:00 0 
6ee00000-6ee21000 rw-p 00000000 00:00 0 
6ee21000-6ef00000 ---p 00000000 00:00 0 
6ef00000-6ef21000 rw-p 00000000 00:00 0 
6ef21000-6f000000 ---p 00000000 00:00 0 
6f02e000-6f031000 ---p 00000000 00:00 0 
6f031000-6f07f000 rw-p 00000000 00:00 0 
6f07f000-6f080000 ---p 00000000 00:00 0 
6f080000-6f100000 rw-p 00000000 00:00 0 
6f100000-6f121000 rw-p 00000000 00:00 0 
6f121000-6f200000 ---p 00000000 00:00 0 
6f207000-6f208000 ---p 00000000 00:00 0 
6f208000-6f288000 rw-p 00000000 00:00 0 
6f288000-6f289000 ---p 00000000 00:00 0 
6f289000-6f311000 rw-p 00000000 00:00 0 
6f311000-6f329000 rw-p 00000000 00:00 0 
6f329000-6f36f000 rw-p 00000000 00:00 0 
6f36f000-6f47f000 rw-p 00000000 00:00 0 
6f47f000-6f487000 rw-p 00000000 00:00 0 
6f487000-6f49f000 rw-p 00000000 00:00 0 
6f49f000-6f4e5000 rw-p 00000000 00:00 0 
6f4e5000-6f5f4000 rw-p 00000000 00:00 0 
6f5f4000-6f5ff000 rw-p 00000000 00:00 0 
6f5ff000-6f69f000 rw-p 00000000 00:00 0 
6f69f000-706a0000 rw-p 00000000 00:00 0 
706a0000-736a0000 rw-p 00000000 00:00 0 
736a0000-7c0b0000 rw-p 00000000 00:00 0 
7c0b0000-9e150000 rw-p 00000000 00:00 0 
9e150000-9f6a0000 rw-p 00000000 00:00 0 
9f6a0000-b36a0000 rw-p 00000000 00:00 0 
b36ad000-b36b6000 rw-p 00000000 00:00 0 
b36b6000-b376d000 rw-p 00000000 00:00 0 
b376d000-b39ad000 rwxp 00000000 00:00 0 
b39ad000-b676d000 rw-p 00000000 00:00 0 
b676d000-b6784000 r-xp 00000000 08:05 1473553    /usr/lib/jvm/java-7-oracle/jre/lib/i386/libzip.so
b6784000-b6785000 rw-p 00017000 08:05 1473553    /usr/lib/jvm/java-7-oracle/jre/lib/i386/libzip.so
b6785000-b6790000 r-xp 00000000 08:05 1969594    /lib/i386-linux-gnu/libnss_files-2.15.so
b6790000-b6791000 r--p 0000a000 08:05 1969594    /lib/i386-linux-gnu/libnss_files-2.15.so
b6791000-b6792000 rw-p 0000b000 08:05 1969594    /lib/i386-linux-gnu/libnss_files-2.15.so
b6792000-b679c000 r-xp 00000000 08:05 1981151    /lib/i386-linux-gnu/libnss_nis-2.15.so
b679c000-b679d000 r--p 00009000 08:05 1981151    /lib/i386-linux-gnu/libnss_nis-2.15.so
b679d000-b679e000 rw-p 0000a000 08:05 1981151    /lib/i386-linux-gnu/libnss_nis-2.15.so
b679e000-b67b4000 r-xp 00000000 08:05 1981163    /lib/i386-linux-gnu/libnsl-2.15.so
b67b4000-b67b5000 r--p 00015000 08:05 1981163    /lib/i386-linux-gnu/libnsl-2.15.so
b67b5000-b67b6000 rw-p 00016000 08:05 1981163    /lib/i386-linux-gnu/libnsl-2.15.so
b67b6000-b67b8000 rw-p 00000000 00:00 0 
b67cb000-b67d3000 rw-s 00000000 08:05 1480562    /tmp/hsperfdata_kathy/2682
b67d3000-b67f6000 r-xp 00000000 08:05 1473590    /usr/lib/jvm/java-7-oracle/jre/lib/i386/libjava.so
b67f6000-b67f7000 rw-p 00023000 08:05 1473590    /usr/lib/jvm/java-7-oracle/jre/lib/i386/libjava.so
b67f7000-b67fe000 r-xp 00000000 08:05 1981150    /lib/i386-linux-gnu/librt-2.15.so
b67fe000-b67ff000 r--p 00006000 08:05 1981150    /lib/i386-linux-gnu/librt-2.15.so
b67ff000-b6800000 rw-p 00007000 08:05 1981150    /lib/i386-linux-gnu/librt-2.15.so
b6800000-b68fa000 rw-p 00000000 00:00 0 
b68fa000-b6900000 ---p 00000000 00:00 0 
b6905000-b6908000 ---p 00000000 00:00 0 
b6908000-b6956000 rw-p 00000000 00:00 0 
b6956000-b6980000 r-xp 00000000 08:05 1981154    /lib/i386-linux-gnu/libm-2.15.so
b6980000-b6981000 r--p 00029000 08:05 1981154    /lib/i386-linux-gnu/libm-2.15.so
b6981000-b6982000 rw-p 0002a000 08:05 1981154    /lib/i386-linux-gnu/libm-2.15.so
b6982000-b713b000 r-xp 00000000 08:05 1473605    /usr/lib/jvm/java-7-oracle/jre/lib/i386/server/libjvm.so
b713b000-b718d000 rw-p 007b9000 08:05 1473605    /usr/lib/jvm/java-7-oracle/jre/lib/i386/server/libjvm.so
b718d000-b75b0000 rw-p 00000000 00:00 0 
b75b0000-b7753000 r-xp 00000000 08:05 1969532    /lib/i386-linux-gnu/libc-2.15.so
b7753000-b7754000 ---p 001a3000 08:05 1969532    /lib/i386-linux-gnu/libc-2.15.so
b7754000-b7756000 r--p 001a3000 08:05 1969532    /lib/i386-linux-gnu/libc-2.15.so
b7756000-b7757000 rw-p 001a5000 08:05 1969532    /lib/i386-linux-gnu/libc-2.15.so
b7757000-b775a000 rw-p 00000000 00:00 0 
b775a000-b775d000 r-xp 00000000 08:05 1981158    /lib/i386-linux-gnu/libdl-2.15.so
b775d000-b775e000 r--p 00002000 08:05 1981158    /lib/i386-linux-gnu/libdl-2.15.so
b775e000-b775f000 rw-p 00003000 08:05 1981158    /lib/i386-linux-gnu/libdl-2.15.so
b775f000-b7760000 rw-p 00000000 00:00 0 
b7760000-b7773000 r-xp 00000000 08:05 1473592    /usr/lib/jvm/java-7-oracle/jre/lib/i386/jli/libjli.so
b7773000-b7774000 rw-p 00012000 08:05 1473592    /usr/lib/jvm/java-7-oracle/jre/lib/i386/jli/libjli.so
b7774000-b778b000 r-xp 00000000 08:05 1981152    /lib/i386-linux-gnu/libpthread-2.15.so
b778b000-b778c000 r--p 00016000 08:05 1981152    /lib/i386-linux-gnu/libpthread-2.15.so
b778c000-b778d000 rw-p 00017000 08:05 1981152    /lib/i386-linux-gnu/libpthread-2.15.so
b778d000-b778f000 rw-p 00000000 00:00 0 
b7790000-b7792000 rw-p 00000000 00:00 0 
b7792000-b7793000 r--p 005e0000 08:05 1316238    /usr/lib/locale/locale-archive
b7793000-b779a000 r-xp 00000000 08:05 1969571    /lib/i386-linux-gnu/libnss_compat-2.15.so
b779a000-b779b000 r--p 00006000 08:05 1969571    /lib/i386-linux-gnu/libnss_compat-2.15.so
b779b000-b779c000 rw-p 00007000 08:05 1969571    /lib/i386-linux-gnu/libnss_compat-2.15.so
b779c000-b779d000 rw-p 00000000 00:00 0 
b779d000-b779e000 ---p 00000000 00:00 0 
b779e000-b77a9000 r-xp 00000000 08:05 1473578    /usr/lib/jvm/java-7-oracle/jre/lib/i386/libverify.so
b77a9000-b77aa000 rw-p 0000b000 08:05 1473578    /usr/lib/jvm/java-7-oracle/jre/lib/i386/libverify.so
b77aa000-b77ac000 rw-p 00000000 00:00 0 
b77ac000-b77ad000 r-xp 00000000 00:00 0          [vdso]
b77ad000-b77cd000 r-xp 00000000 08:05 1981155    /lib/i386-linux-gnu/ld-2.15.so
b77cd000-b77ce000 r--p 0001f000 08:05 1981155    /lib/i386-linux-gnu/ld-2.15.so
b77ce000-b77cf000 rw-p 00020000 08:05 1981155    /lib/i386-linux-gnu/ld-2.15.so
bff13000-bff34000 rw-p 00000000 00:00 0          [stack]

VM Arguments:
java_command: sprime
Launcher Type: SUN_STANDARD

Environment Variables:
PATH=/usr/lib/lightdm/lightdm:/usr/local/sbin:/usr/local/bin:/usr/sbin:/usr/bin:/sbin:/bin:/usr/games
SHELL=/bin/bash
DISPLAY=:0

Signal Handlers:
SIGSEGV: [libjvm.so+0x720f90], sa_mask[0]=0x7ffbfeff, sa_flags=0x10000004
SIGBUS: [libjvm.so+0x720f90], sa_mask[0]=0x7ffbfeff, sa_flags=0x10000004
SIGFPE: [libjvm.so+0x5d9de0], sa_mask[0]=0x7ffbfeff, sa_flags=0x10000004
SIGPIPE: [libjvm.so+0x5d9de0], sa_mask[0]=0x7ffbfeff, sa_flags=0x10000004
SIGXFSZ: [libjvm.so+0x5d9de0], sa_mask[0]=0x7ffbfeff, sa_flags=0x10000004
SIGILL: [libjvm.so+0x5d9de0], sa_mask[0]=0x7ffbfeff, sa_flags=0x10000004
SIGUSR1: SIG_DFL, sa_mask[0]=0x00000000, sa_flags=0x00000000
SIGUSR2: [libjvm.so+0x5d96c0], sa_mask[0]=0x00000000, sa_flags=0x10000004
SIGHUP: [libjvm.so+0x5dbcb0], sa_mask[0]=0x7ffbfeff, sa_flags=0x10000004
SIGINT: [libjvm.so+0x5dbcb0], sa_mask[0]=0x7ffbfeff, sa_flags=0x10000004
SIGTERM: [libjvm.so+0x5dbcb0], sa_mask[0]=0x7ffbfeff, sa_flags=0x10000004
SIGQUIT: [libjvm.so+0x5dbcb0], sa_mask[0]=0x7ffbfeff, sa_flags=0x10000004


---------------  S Y S T E M  ---------------

OS:wheezy/sid

uname:Linux 3.2.0-40-generic-pae #64-Ubuntu SMP Mon Mar 25 21:44:41 UTC 2013 i686
libc:glibc 2.15 NPTL 2.15 
rlimit: STACK 8192k, CORE 0k, NPROC 62132, NOFILE 4096, AS infinity
load average:8.66 8.45 8.17

/proc/meminfo:
MemTotal:        7967604 kB
MemFree:         6178912 kB
Buffers:           76060 kB
Cached:           779104 kB
SwapCached:            0 kB
Active:          1061408 kB
Inactive:         645620 kB
Active(anon):     940460 kB
Inactive(anon):   210372 kB
Active(file):     120948 kB
Inactive(file):   435248 kB
Unevictable:           0 kB
Mlocked:               0 kB
HighTotal:       7172028 kB
HighFree:        5526424 kB
LowTotal:         795576 kB
LowFree:          652488 kB
SwapTotal:       8080380 kB
SwapFree:        8080380 kB
Dirty:                44 kB
Writeback:             0 kB
AnonPages:        852036 kB
Mapped:           124684 kB
Shmem:            298892 kB
Slab:              39892 kB
SReclaimable:      22008 kB
SUnreclaim:        17884 kB
KernelStack:        3528 kB
PageTables:         8920 kB
NFS_Unstable:          0 kB
Bounce:                0 kB
WritebackTmp:          0 kB
CommitLimit:    12064180 kB
Committed_AS:    3682508 kB
VmallocTotal:     122880 kB
VmallocUsed:       19400 kB
VmallocChunk:      98940 kB
HardwareCorrupted:     0 kB
AnonHugePages:         0 kB
HugePages_Total:       0
HugePages_Free:        0
HugePages_Rsvd:        0
HugePages_Surp:        0
Hugepagesize:       2048 kB
DirectMap4k:       10232 kB
DirectMap2M:      903168 kB


CPU:total 4 (2 cores per cpu, 2 threads per core) family 6 model 58 stepping 9, cmov, cx8, fxsr, mmx, sse, sse2, sse3, ssse3, sse4.1, sse4.2, popcnt, avx, ht, tsc, tscinvbit, tscinv

/proc/cpuinfo:
processor	: 0
vendor_id	: GenuineIntel
cpu family	: 6
model		: 58
model name	: Intel(R) Core(TM) i5-3317U CPU @ 1.70GHz
stepping	: 9
microcode	: 0x12
cpu MHz		: 1701.000
cache size	: 3072 KB
physical id	: 0
siblings	: 4
core id		: 0
cpu cores	: 2
apicid		: 0
initial apicid	: 0
fdiv_bug	: no
hlt_bug		: no
f00f_bug	: no
coma_bug	: no
fpu		: yes
fpu_exception	: yes
cpuid level	: 13
wp		: yes
flags		: fpu vme de pse tsc msr pae mce cx8 apic sep mtrr pge mca cmov pat pse36 clflush dts acpi mmx fxsr sse sse2 ss ht tm pbe nx rdtscp lm constant_tsc arch_perfmon pebs bts xtopology nonstop_tsc aperfmperf pni pclmulqdq dtes64 monitor ds_cpl vmx est tm2 ssse3 cx16 xtpr pdcm pcid sse4_1 sse4_2 x2apic popcnt tsc_deadline_timer aes xsave avx f16c rdrand lahf_lm ida arat epb xsaveopt pln pts dtherm tpr_shadow vnmi flexpriority ept vpid fsgsbase smep erms
bogomips	: 3392.51
clflush size	: 64
cache_alignment	: 64
address sizes	: 36 bits physical, 48 bits virtual
power management:

processor	: 1
vendor_id	: GenuineIntel
cpu family	: 6
model		: 58
model name	: Intel(R) Core(TM) i5-3317U CPU @ 1.70GHz
stepping	: 9
microcode	: 0x12
cpu MHz		: 1701.000
cache size	: 3072 KB
physical id	: 0
siblings	: 4
core id		: 0
cpu cores	: 2
apicid		: 1
initial apicid	: 1
fdiv_bug	: no
hlt_bug		: no
f00f_bug	: no
coma_bug	: no
fpu		: yes
fpu_exception	: yes
cpuid level	: 13
wp		: yes
flags		: fpu vme de pse tsc msr pae mce cx8 apic sep mtrr pge mca cmov pat pse36 clflush dts acpi mmx fxsr sse sse2 ss ht tm pbe nx rdtscp lm constant_tsc arch_perfmon pebs bts xtopology nonstop_tsc aperfmperf pni pclmulqdq dtes64 monitor ds_cpl vmx est tm2 ssse3 cx16 xtpr pdcm pcid sse4_1 sse4_2 x2apic popcnt tsc_deadline_timer aes xsave avx f16c rdrand lahf_lm ida arat epb xsaveopt pln pts dtherm tpr_shadow vnmi flexpriority ept vpid fsgsbase smep erms
bogomips	: 3392.13
clflush size	: 64
cache_alignment	: 64
address sizes	: 36 bits physical, 48 bits virtual
power management:

processor	: 2
vendor_id	: GenuineIntel
cpu family	: 6
model		: 58
model name	: Intel(R) Core(TM) i5-3317U CPU @ 1.70GHz
stepping	: 9
microcode	: 0x12
cpu MHz		: 1701.000
cache size	: 3072 KB
physical id	: 0
siblings	: 4
core id		: 1
cpu cores	: 2
apicid		: 2
initial apicid	: 2
fdiv_bug	: no
hlt_bug		: no
f00f_bug	: no
coma_bug	: no
fpu		: yes
fpu_exception	: yes
cpuid level	: 13
wp		: yes
flags		: fpu vme de pse tsc msr pae mce cx8 apic sep mtrr pge mca cmov pat pse36 clflush dts acpi mmx fxsr sse sse2 ss ht tm pbe nx rdtscp lm constant_tsc arch_perfmon pebs bts xtopology nonstop_tsc aperfmperf pni pclmulqdq dtes64 monitor ds_cpl vmx est tm2 ssse3 cx16 xtpr pdcm pcid sse4_1 sse4_2 x2apic popcnt tsc_deadline_timer aes xsave avx f16c rdrand lahf_lm ida arat epb xsaveopt pln pts dtherm tpr_shadow vnmi flexpriority ept vpid fsgsbase smep erms
bogomips	: 3392.15
clflush size	: 64
cache_alignment	: 64
address sizes	: 36 bits physical, 48 bits virtual
power management:

processor	: 3
vendor_id	: GenuineIntel
cpu family	: 6
model		: 58
model name	: Intel(R) Core(TM) i5-3317U CPU @ 1.70GHz
stepping	: 9
microcode	: 0x12
cpu MHz		: 1701.000
cache size	: 3072 KB
physical id	: 0
siblings	: 4
core id		: 1
cpu cores	: 2
apicid		: 3
initial apicid	: 3
fdiv_bug	: no
hlt_bug		: no
f00f_bug	: no
coma_bug	: no
fpu		: yes
fpu_exception	: yes
cpuid level	: 13
wp		: yes
flags		: fpu vme de pse tsc msr pae mce cx8 apic sep mtrr pge mca cmov pat pse36 clflush dts acpi mmx fxsr sse sse2 ss ht tm pbe nx rdtscp lm constant_tsc arch_perfmon pebs bts xtopology nonstop_tsc aperfmperf pni pclmulqdq dtes64 monitor ds_cpl vmx est tm2 ssse3 cx16 xtpr pdcm pcid sse4_1 sse4_2 x2apic popcnt tsc_deadline_timer aes xsave avx f16c rdrand lahf_lm ida arat epb xsaveopt pln pts dtherm tpr_shadow vnmi flexpriority ept vpid fsgsbase smep erms
bogomips	: 3392.15
clflush size	: 64
cache_alignment	: 64
address sizes	: 36 bits physical, 48 bits virtual
power management:



Memory: 4k page, physical 7967604k(6178912k free), swap 8080380k(8080380k free)

vm_info: Java HotSpot(TM) Server VM (23.7-b01) for linux-x86 JRE (1.7.0_17-b02), built on Mar  1 2013 03:07:01 by "java_re" with gcc 4.3.0 20080428 (Red Hat 4.3.0-8)

time: Sat Sep 28 14:58:43 2013
elapsed time: 3982 seconds

